[2023-08-03 17:46:17,349: 'Level Name ->' INFO: 'Module ->' main: 'Message ->' Welcome to custom log]
[2023-08-03 18:32:43,283: 'Level Name ->' INFO: 'Module ->' common: 'Message ->' yaml file: config\config.yaml loaded successfully]
[2023-08-03 18:32:43,289: 'Level Name ->' INFO: 'Module ->' common: 'Message ->' yaml file: params.yaml loaded successfully]
[2023-08-03 18:34:17,398: 'Level Name ->' INFO: 'Module ->' common: 'Message ->' yaml file: config\config.yaml loaded successfully]
[2023-08-03 18:34:17,406: 'Level Name ->' INFO: 'Module ->' common: 'Message ->' yaml file: params.yaml loaded successfully]
[2023-08-03 18:34:17,411: 'Level Name ->' INFO: 'Module ->' common: 'Message ->' yaml file: schema.yaml loaded successfully]
[2023-08-03 18:34:17,413: 'Level Name ->' INFO: 'Module ->' common: 'Message ->' created directory at: artifacts]
[2023-08-03 18:34:17,417: 'Level Name ->' INFO: 'Module ->' common: 'Message ->' created directory at: artifacts/data_ingestion]
[2023-08-03 18:34:18,935: 'Level Name ->' INFO: 'Module ->' 1079636514: 'Message ->' artifacts/data_ingestion/data.zip download! with following info: 
Connection: close
Content-Length: 23329
Cache-Control: max-age=300
Content-Security-Policy: default-src 'none'; style-src 'unsafe-inline'; sandbox
Content-Type: application/zip
ETag: "c69888a4ae59bc5a893392785a938ccd4937981c06ba8a9d6a21aa52b4ab5b6e"
Strict-Transport-Security: max-age=31536000
X-Content-Type-Options: nosniff
X-Frame-Options: deny
X-XSS-Protection: 1; mode=block
X-GitHub-Request-Id: 2116:3E169B:10215B:167025:64C9E377
Accept-Ranges: bytes
Date: Thu, 03 Aug 2023 13:04:23 GMT
Via: 1.1 varnish
X-Served-By: cache-ccu830044-CCU
X-Cache: HIT
X-Cache-Hits: 1
X-Timer: S1691067863.774436,VS0,VE392
Vary: Authorization,Accept-Encoding,Origin
Access-Control-Allow-Origin: *
Cross-Origin-Resource-Policy: cross-origin
X-Fastly-Request-ID: 24b4bd9977d27b1216f1d555f422e8f003dba7fa
Expires: Thu, 03 Aug 2023 13:09:23 GMT
Source-Age: 0

]
[2023-08-03 18:44:24,949: 'Level Name ->' INFO: 'Module ->' main: 'Message ->' >>>>>> stage Data Ingestion stage started <<<<<<]
[2023-08-03 18:44:24,949: 'Level Name ->' INFO: 'Module ->' common: 'Message ->' yaml file: config\config.yaml loaded successfully]
[2023-08-03 18:44:24,949: 'Level Name ->' INFO: 'Module ->' common: 'Message ->' yaml file: params.yaml loaded successfully]
[2023-08-03 18:44:24,959: 'Level Name ->' INFO: 'Module ->' common: 'Message ->' yaml file: schema.yaml loaded successfully]
[2023-08-03 18:44:24,959: 'Level Name ->' INFO: 'Module ->' common: 'Message ->' created directory at: artifacts]
[2023-08-03 18:44:24,961: 'Level Name ->' INFO: 'Module ->' common: 'Message ->' created directory at: artifacts/data_ingestion]
[2023-08-03 18:44:26,340: 'Level Name ->' INFO: 'Module ->' data_ingestion: 'Message ->' artifacts/data_ingestion/data.zip download! with following info: 
Connection: close
Content-Length: 23329
Cache-Control: max-age=300
Content-Security-Policy: default-src 'none'; style-src 'unsafe-inline'; sandbox
Content-Type: application/zip
ETag: "c69888a4ae59bc5a893392785a938ccd4937981c06ba8a9d6a21aa52b4ab5b6e"
Strict-Transport-Security: max-age=31536000
X-Content-Type-Options: nosniff
X-Frame-Options: deny
X-XSS-Protection: 1; mode=block
X-GitHub-Request-Id: 2116:3E169B:10215B:167025:64C9E377
Accept-Ranges: bytes
Date: Thu, 03 Aug 2023 13:14:30 GMT
Via: 1.1 varnish
X-Served-By: cache-ccu830023-CCU
X-Cache: HIT
X-Cache-Hits: 1
X-Timer: S1691068470.123214,VS0,VE396
Vary: Authorization,Accept-Encoding,Origin
Access-Control-Allow-Origin: *
Cross-Origin-Resource-Policy: cross-origin
X-Fastly-Request-ID: d660dbf23f9a8b7911173d62d1f7f0d5845373a8
Expires: Thu, 03 Aug 2023 13:19:30 GMT
Source-Age: 0

]
[2023-08-03 18:44:26,360: 'Level Name ->' INFO: 'Module ->' main: 'Message ->' >>>>>> stage Data Ingestion stage completed <<<<<<

x==========x]
[2023-08-03 18:57:34,816: 'Level Name ->' INFO: 'Module ->' common: 'Message ->' yaml file: config\config.yaml loaded successfully]
[2023-08-03 18:57:34,820: 'Level Name ->' INFO: 'Module ->' common: 'Message ->' yaml file: params.yaml loaded successfully]
[2023-08-03 18:57:34,823: 'Level Name ->' INFO: 'Module ->' common: 'Message ->' yaml file: schema.yaml loaded successfully]
[2023-08-03 18:57:34,829: 'Level Name ->' INFO: 'Module ->' common: 'Message ->' created directory at: artifacts]
[2023-08-03 18:57:34,831: 'Level Name ->' INFO: 'Module ->' common: 'Message ->' created directory at: artifacts/data_validation]
[2023-08-03 19:04:11,565: 'Level Name ->' INFO: 'Module ->' main: 'Message ->' >>>>>> stage Data Ingestion stage started <<<<<<]
[2023-08-03 19:04:11,568: 'Level Name ->' INFO: 'Module ->' common: 'Message ->' yaml file: config\config.yaml loaded successfully]
[2023-08-03 19:04:11,568: 'Level Name ->' INFO: 'Module ->' common: 'Message ->' yaml file: params.yaml loaded successfully]
[2023-08-03 19:04:11,575: 'Level Name ->' INFO: 'Module ->' common: 'Message ->' yaml file: schema.yaml loaded successfully]
[2023-08-03 19:04:11,577: 'Level Name ->' INFO: 'Module ->' common: 'Message ->' created directory at: artifacts]
[2023-08-03 19:04:11,580: 'Level Name ->' INFO: 'Module ->' common: 'Message ->' created directory at: artifacts/data_ingestion]
[2023-08-03 19:04:12,673: 'Level Name ->' INFO: 'Module ->' data_ingestion: 'Message ->' artifacts/data_ingestion/data.zip download! with following info: 
Connection: close
Content-Length: 23329
Cache-Control: max-age=300
Content-Security-Policy: default-src 'none'; style-src 'unsafe-inline'; sandbox
Content-Type: application/zip
ETag: "c69888a4ae59bc5a893392785a938ccd4937981c06ba8a9d6a21aa52b4ab5b6e"
Strict-Transport-Security: max-age=31536000
X-Content-Type-Options: nosniff
X-Frame-Options: deny
X-XSS-Protection: 1; mode=block
X-GitHub-Request-Id: 2116:3E169B:10215B:167025:64C9E377
Accept-Ranges: bytes
Date: Thu, 03 Aug 2023 13:34:16 GMT
Via: 1.1 varnish
X-Served-By: cache-ccu830036-CCU
X-Cache: HIT
X-Cache-Hits: 1
X-Timer: S1691069656.469418,VS0,VE309
Vary: Authorization,Accept-Encoding,Origin
Access-Control-Allow-Origin: *
Cross-Origin-Resource-Policy: cross-origin
X-Fastly-Request-ID: 19fca09d023bf34d6a08716423435d8d22f78671
Expires: Thu, 03 Aug 2023 13:39:16 GMT
Source-Age: 0

]
[2023-08-03 19:04:12,685: 'Level Name ->' INFO: 'Module ->' main: 'Message ->' >>>>>> stage Data Ingestion stage completed <<<<<<

x==========x]
[2023-08-03 19:04:12,686: 'Level Name ->' INFO: 'Module ->' main: 'Message ->' >>>>>> stage Data Validation stage started <<<<<<]
[2023-08-03 19:04:12,690: 'Level Name ->' INFO: 'Module ->' common: 'Message ->' yaml file: config\config.yaml loaded successfully]
[2023-08-03 19:04:12,694: 'Level Name ->' INFO: 'Module ->' common: 'Message ->' yaml file: params.yaml loaded successfully]
[2023-08-03 19:04:12,699: 'Level Name ->' INFO: 'Module ->' common: 'Message ->' yaml file: schema.yaml loaded successfully]
[2023-08-03 19:04:12,701: 'Level Name ->' INFO: 'Module ->' common: 'Message ->' created directory at: artifacts]
[2023-08-03 19:04:12,702: 'Level Name ->' INFO: 'Module ->' common: 'Message ->' created directory at: artifacts/data_validation]
[2023-08-03 19:04:12,721: 'Level Name ->' INFO: 'Module ->' main: 'Message ->' >>>>>> stage Data Validation stage completed <<<<<<

x==========x]
[2023-08-03 19:09:24,990: 'Level Name ->' INFO: 'Module ->' common: 'Message ->' yaml file: config\config.yaml loaded successfully]
[2023-08-03 19:09:24,998: 'Level Name ->' INFO: 'Module ->' common: 'Message ->' yaml file: params.yaml loaded successfully]
[2023-08-03 19:09:25,004: 'Level Name ->' INFO: 'Module ->' common: 'Message ->' yaml file: schema.yaml loaded successfully]
[2023-08-03 19:09:25,008: 'Level Name ->' INFO: 'Module ->' common: 'Message ->' created directory at: artifacts]
[2023-08-03 19:09:25,008: 'Level Name ->' INFO: 'Module ->' common: 'Message ->' created directory at: artifacts/data_transformation]
[2023-08-03 19:09:25,068: 'Level Name ->' INFO: 'Module ->' 4225238837: 'Message ->' Splited data into training and test sets]
[2023-08-03 19:15:39,165: 'Level Name ->' INFO: 'Module ->' main: 'Message ->' >>>>>> stage Data Ingestion stage started <<<<<<]
[2023-08-03 19:15:39,165: 'Level Name ->' INFO: 'Module ->' common: 'Message ->' yaml file: config\config.yaml loaded successfully]
[2023-08-03 19:15:39,165: 'Level Name ->' INFO: 'Module ->' common: 'Message ->' yaml file: params.yaml loaded successfully]
[2023-08-03 19:15:39,175: 'Level Name ->' INFO: 'Module ->' common: 'Message ->' yaml file: schema.yaml loaded successfully]
[2023-08-03 19:15:39,175: 'Level Name ->' INFO: 'Module ->' common: 'Message ->' created directory at: artifacts]
[2023-08-03 19:15:39,175: 'Level Name ->' INFO: 'Module ->' common: 'Message ->' created directory at: artifacts/data_ingestion]
[2023-08-03 19:15:39,175: 'Level Name ->' INFO: 'Module ->' data_ingestion: 'Message ->' File already exists of size: ~ 23 KB]
[2023-08-03 19:15:39,184: 'Level Name ->' INFO: 'Module ->' main: 'Message ->' >>>>>> stage Data Ingestion stage completed <<<<<<

x==========x]
[2023-08-03 19:15:39,184: 'Level Name ->' INFO: 'Module ->' main: 'Message ->' >>>>>> stage Data Validation stage started <<<<<<]
[2023-08-03 19:15:39,189: 'Level Name ->' INFO: 'Module ->' common: 'Message ->' yaml file: config\config.yaml loaded successfully]
[2023-08-03 19:15:39,190: 'Level Name ->' INFO: 'Module ->' common: 'Message ->' yaml file: params.yaml loaded successfully]
[2023-08-03 19:15:39,190: 'Level Name ->' INFO: 'Module ->' common: 'Message ->' yaml file: schema.yaml loaded successfully]
[2023-08-03 19:15:39,198: 'Level Name ->' INFO: 'Module ->' common: 'Message ->' created directory at: artifacts]
[2023-08-03 19:15:39,198: 'Level Name ->' INFO: 'Module ->' common: 'Message ->' created directory at: artifacts/data_validation]
[2023-08-03 19:15:39,215: 'Level Name ->' INFO: 'Module ->' main: 'Message ->' >>>>>> stage Data Validation stage completed <<<<<<

x==========x]
[2023-08-03 19:15:39,215: 'Level Name ->' INFO: 'Module ->' main: 'Message ->' >>>>>> stage Data Transformation stage started <<<<<<]
[2023-08-03 19:15:39,223: 'Level Name ->' INFO: 'Module ->' common: 'Message ->' yaml file: config\config.yaml loaded successfully]
[2023-08-03 19:15:39,227: 'Level Name ->' INFO: 'Module ->' common: 'Message ->' yaml file: params.yaml loaded successfully]
[2023-08-03 19:15:39,229: 'Level Name ->' INFO: 'Module ->' common: 'Message ->' yaml file: schema.yaml loaded successfully]
[2023-08-03 19:15:39,231: 'Level Name ->' INFO: 'Module ->' common: 'Message ->' created directory at: artifacts]
[2023-08-03 19:15:39,233: 'Level Name ->' INFO: 'Module ->' common: 'Message ->' created directory at: artifacts/data_transformation]
[2023-08-03 19:15:39,264: 'Level Name ->' INFO: 'Module ->' data_transfomation: 'Message ->' Splited data into training and test sets]
[2023-08-03 19:15:39,264: 'Level Name ->' INFO: 'Module ->' main: 'Message ->' >>>>>> stage Data Transformation stage completed <<<<<<

x==========x]
[2023-08-03 19:25:28,442: 'Level Name ->' INFO: 'Module ->' common: 'Message ->' yaml file: config\config.yaml loaded successfully]
[2023-08-03 19:25:28,445: 'Level Name ->' INFO: 'Module ->' common: 'Message ->' yaml file: params.yaml loaded successfully]
[2023-08-03 19:25:28,451: 'Level Name ->' INFO: 'Module ->' common: 'Message ->' yaml file: schema.yaml loaded successfully]
[2023-08-03 19:25:28,452: 'Level Name ->' INFO: 'Module ->' common: 'Message ->' created directory at: artifacts]
[2023-08-03 19:25:28,453: 'Level Name ->' INFO: 'Module ->' common: 'Message ->' created directory at: artifacts/model_trainer]
[2023-08-03 19:31:48,618: 'Level Name ->' INFO: 'Module ->' main: 'Message ->' >>>>>> stage Data Ingestion stage started <<<<<<]
[2023-08-03 19:31:48,622: 'Level Name ->' INFO: 'Module ->' common: 'Message ->' yaml file: config\config.yaml loaded successfully]
[2023-08-03 19:31:48,627: 'Level Name ->' INFO: 'Module ->' common: 'Message ->' yaml file: params.yaml loaded successfully]
[2023-08-03 19:31:48,632: 'Level Name ->' INFO: 'Module ->' common: 'Message ->' yaml file: schema.yaml loaded successfully]
[2023-08-03 19:31:48,633: 'Level Name ->' INFO: 'Module ->' common: 'Message ->' created directory at: artifacts]
[2023-08-03 19:31:48,634: 'Level Name ->' INFO: 'Module ->' common: 'Message ->' created directory at: artifacts/data_ingestion]
[2023-08-03 19:31:49,851: 'Level Name ->' INFO: 'Module ->' data_ingestion: 'Message ->' artifacts/data_ingestion/data.zip download! with following info: 
Connection: close
Content-Length: 23329
Cache-Control: max-age=300
Content-Security-Policy: default-src 'none'; style-src 'unsafe-inline'; sandbox
Content-Type: application/zip
ETag: "c69888a4ae59bc5a893392785a938ccd4937981c06ba8a9d6a21aa52b4ab5b6e"
Strict-Transport-Security: max-age=31536000
X-Content-Type-Options: nosniff
X-Frame-Options: deny
X-XSS-Protection: 1; mode=block
X-GitHub-Request-Id: 2116:3E169B:10215B:167025:64C9E377
Accept-Ranges: bytes
Date: Thu, 03 Aug 2023 14:01:53 GMT
Via: 1.1 varnish
X-Served-By: cache-ccu830026-CCU
X-Cache: HIT
X-Cache-Hits: 1
X-Timer: S1691071313.432568,VS0,VE329
Vary: Authorization,Accept-Encoding,Origin
Access-Control-Allow-Origin: *
Cross-Origin-Resource-Policy: cross-origin
X-Fastly-Request-ID: 7b3b0e81be3500dce73a0ca330daa19360f5c2ef
Expires: Thu, 03 Aug 2023 14:06:53 GMT
Source-Age: 0

]
[2023-08-03 19:31:49,862: 'Level Name ->' INFO: 'Module ->' main: 'Message ->' >>>>>> stage Data Ingestion stage completed <<<<<<

x==========x]
[2023-08-03 19:31:49,864: 'Level Name ->' INFO: 'Module ->' main: 'Message ->' >>>>>> stage Data Validation stage started <<<<<<]
[2023-08-03 19:31:49,868: 'Level Name ->' INFO: 'Module ->' common: 'Message ->' yaml file: config\config.yaml loaded successfully]
[2023-08-03 19:31:49,872: 'Level Name ->' INFO: 'Module ->' common: 'Message ->' yaml file: params.yaml loaded successfully]
[2023-08-03 19:31:49,877: 'Level Name ->' INFO: 'Module ->' common: 'Message ->' yaml file: schema.yaml loaded successfully]
[2023-08-03 19:31:49,880: 'Level Name ->' INFO: 'Module ->' common: 'Message ->' created directory at: artifacts]
[2023-08-03 19:31:49,881: 'Level Name ->' INFO: 'Module ->' common: 'Message ->' created directory at: artifacts/data_validation]
[2023-08-03 19:31:49,897: 'Level Name ->' INFO: 'Module ->' main: 'Message ->' >>>>>> stage Data Validation stage completed <<<<<<

x==========x]
[2023-08-03 19:31:49,898: 'Level Name ->' INFO: 'Module ->' main: 'Message ->' >>>>>> stage Data Transformation stage started <<<<<<]
[2023-08-03 19:31:49,901: 'Level Name ->' INFO: 'Module ->' common: 'Message ->' yaml file: config\config.yaml loaded successfully]
[2023-08-03 19:31:49,902: 'Level Name ->' INFO: 'Module ->' common: 'Message ->' yaml file: params.yaml loaded successfully]
[2023-08-03 19:31:49,906: 'Level Name ->' INFO: 'Module ->' common: 'Message ->' yaml file: schema.yaml loaded successfully]
[2023-08-03 19:31:49,910: 'Level Name ->' INFO: 'Module ->' common: 'Message ->' created directory at: artifacts]
[2023-08-03 19:31:49,912: 'Level Name ->' INFO: 'Module ->' common: 'Message ->' created directory at: artifacts/data_transformation]
[2023-08-03 19:31:49,950: 'Level Name ->' INFO: 'Module ->' data_transfomation: 'Message ->' Splited data into training and test sets]
[2023-08-03 19:31:49,951: 'Level Name ->' INFO: 'Module ->' main: 'Message ->' >>>>>> stage Data Transformation stage completed <<<<<<

x==========x]
[2023-08-03 19:31:49,952: 'Level Name ->' INFO: 'Module ->' main: 'Message ->' >>>>>> stage Model Trainer stage started <<<<<<]
[2023-08-03 19:31:49,955: 'Level Name ->' INFO: 'Module ->' common: 'Message ->' yaml file: config\config.yaml loaded successfully]
[2023-08-03 19:31:49,958: 'Level Name ->' INFO: 'Module ->' common: 'Message ->' yaml file: params.yaml loaded successfully]
[2023-08-03 19:31:49,962: 'Level Name ->' INFO: 'Module ->' common: 'Message ->' yaml file: schema.yaml loaded successfully]
[2023-08-03 19:31:49,963: 'Level Name ->' INFO: 'Module ->' common: 'Message ->' created directory at: artifacts]
[2023-08-03 19:31:49,966: 'Level Name ->' INFO: 'Module ->' common: 'Message ->' created directory at: artifacts/model_trainer]
[2023-08-03 19:31:49,986: 'Level Name ->' INFO: 'Module ->' main: 'Message ->' >>>>>> stage Model Trainer stage completed <<<<<<

x==========x]
